Figwheel: focusing on build-ids (dev)
[0mCompiling "resources/public/js/compiled/hello_world.js" from ["src"]...
[32mSuccessfully compiled "resources/public/js/compiled/hello_world.js" in 0.402 seconds.[0m
notifying browser that file changed:  resources/public/js/compiled/out/goog/deps.js
notifying browser that file changed:  resources/public/js/compiled/out/cljs_deps.js
notifying browser that file changed:  /hello_world/core.js
Figwheel: focusing on build-ids (dev)
[0mCompiling "resources/public/js/compiled/hello_world.js" from ["src"]...
[32mSuccessfully compiled "resources/public/js/compiled/hello_world.js" in 0.493 seconds.[0m
notifying browser that file changed:  resources/public/js/compiled/out/goog/deps.js
notifying browser that file changed:  resources/public/js/compiled/out/cljs_deps.js
notifying browser that file changed:  /hello_world/core.js
[0mCompiling "resources/public/js/compiled/hello_world.js" from ["src"]...
[32mSuccessfully compiled "resources/public/js/compiled/hello_world.js" in 0.512 seconds.[0m
notifying browser that file changed:  resources/public/js/compiled/out/cljs_deps.js
notifying browser that file changed:  /hello_world/core.js
Figwheel: focusing on build-ids (dev)
[0mCompiling "resources/public/js/compiled/hello_world.js" from ["src"]...
[32mSuccessfully compiled "resources/public/js/compiled/hello_world.js" in 0.372 seconds.[0m
notifying browser that file changed:  resources/public/js/compiled/out/goog/deps.js
notifying browser that file changed:  resources/public/js/compiled/out/cljs_deps.js
notifying browser that file changed:  /hello_world/core.js
[0mCompiling "resources/public/js/compiled/hello_world.js" from ["src"]...
[32mSuccessfully compiled "resources/public/js/compiled/hello_world.js" in 0.431 seconds.[0m
notifying browser that file changed:  resources/public/js/compiled/out/cljs_deps.js
notifying browser that file changed:  /hello_world/core.js
[0mCompiling "resources/public/js/compiled/hello_world.js" from ["src"]...
[32mSuccessfully compiled "resources/public/js/compiled/hello_world.js" in 0.416 seconds.[0m
notifying browser that file changed:  /hello_world/core.js
